20-Jul-2024 16:03:31.436 INFO [main] org.apache.catalina.startup.VersionLoggerListener.log Nombre de la versión del servidor: Apache Tomcat/9.0.91
20-Jul-2024 16:03:31.442 INFO [main] org.apache.catalina.startup.VersionLoggerListener.log Server built:                      Jul 2 2024 12:35:51 UTC
20-Jul-2024 16:03:31.445 INFO [main] org.apache.catalina.startup.VersionLoggerListener.log Número de versión de servidor:     9.0.91.0
20-Jul-2024 16:03:31.446 INFO [main] org.apache.catalina.startup.VersionLoggerListener.log OS Name:                           Windows 10
20-Jul-2024 16:03:31.446 INFO [main] org.apache.catalina.startup.VersionLoggerListener.log Versión de Systema Operativo:      10.0
20-Jul-2024 16:03:31.447 INFO [main] org.apache.catalina.startup.VersionLoggerListener.log Arquitectura:                      amd64
20-Jul-2024 16:03:31.447 INFO [main] org.apache.catalina.startup.VersionLoggerListener.log Java Home:                         C:\Program Files\Java\jdk-21
20-Jul-2024 16:03:31.447 INFO [main] org.apache.catalina.startup.VersionLoggerListener.log JVM Version:                       21.0.2+13-LTS-58
20-Jul-2024 16:03:31.448 INFO [main] org.apache.catalina.startup.VersionLoggerListener.log Vededor JVM:                       Oracle Corporation
20-Jul-2024 16:03:31.449 INFO [main] org.apache.catalina.startup.VersionLoggerListener.log CATALINA_BASE:                     C:\Users\migue\Desktop\Archivos le Quas\Semestre 8\Extras\Metaphorce\Skill Challenge 3 - Servidores\skillCh3-Players\apache-tomcat-9.0.91
20-Jul-2024 16:03:31.449 INFO [main] org.apache.catalina.startup.VersionLoggerListener.log CATALINA_HOME:                     C:\Users\migue\Desktop\Archivos le Quas\Semestre 8\Extras\Metaphorce\Skill Challenge 3 - Servidores\skillCh3-Players\apache-tomcat-9.0.91
20-Jul-2024 16:03:31.462 INFO [main] org.apache.catalina.startup.VersionLoggerListener.log Command line argument:             --add-opens=java.base/java.lang=ALL-UNNAMED
20-Jul-2024 16:03:31.462 INFO [main] org.apache.catalina.startup.VersionLoggerListener.log Command line argument:             --add-opens=java.base/java.io=ALL-UNNAMED
20-Jul-2024 16:03:31.462 INFO [main] org.apache.catalina.startup.VersionLoggerListener.log Command line argument:             --add-opens=java.base/java.util=ALL-UNNAMED
20-Jul-2024 16:03:31.463 INFO [main] org.apache.catalina.startup.VersionLoggerListener.log Command line argument:             --add-opens=java.base/java.util.concurrent=ALL-UNNAMED
20-Jul-2024 16:03:31.464 INFO [main] org.apache.catalina.startup.VersionLoggerListener.log Command line argument:             --add-opens=java.rmi/sun.rmi.transport=ALL-UNNAMED
20-Jul-2024 16:03:31.472 INFO [main] org.apache.catalina.startup.VersionLoggerListener.log Command line argument:             -Djava.util.logging.config.file=C:\Users\migue\Desktop\Archivos le Quas\Semestre 8\Extras\Metaphorce\Skill Challenge 3 - Servidores\skillCh3-Players\apache-tomcat-9.0.91\conf\logging.properties
20-Jul-2024 16:03:31.472 INFO [main] org.apache.catalina.startup.VersionLoggerListener.log Command line argument:             -Djava.util.logging.manager=org.apache.juli.ClassLoaderLogManager
20-Jul-2024 16:03:31.474 INFO [main] org.apache.catalina.startup.VersionLoggerListener.log Command line argument:             -Djdk.tls.ephemeralDHKeySize=2048
20-Jul-2024 16:03:31.474 INFO [main] org.apache.catalina.startup.VersionLoggerListener.log Command line argument:             -Djava.protocol.handler.pkgs=org.apache.catalina.webresources
20-Jul-2024 16:03:31.475 INFO [main] org.apache.catalina.startup.VersionLoggerListener.log Command line argument:             -Dignore.endorsed.dirs=
20-Jul-2024 16:03:31.475 INFO [main] org.apache.catalina.startup.VersionLoggerListener.log Command line argument:             -Dcatalina.base=C:\Users\migue\Desktop\Archivos le Quas\Semestre 8\Extras\Metaphorce\Skill Challenge 3 - Servidores\skillCh3-Players\apache-tomcat-9.0.91
20-Jul-2024 16:03:31.476 INFO [main] org.apache.catalina.startup.VersionLoggerListener.log Command line argument:             -Dcatalina.home=C:\Users\migue\Desktop\Archivos le Quas\Semestre 8\Extras\Metaphorce\Skill Challenge 3 - Servidores\skillCh3-Players\apache-tomcat-9.0.91
20-Jul-2024 16:03:31.476 INFO [main] org.apache.catalina.startup.VersionLoggerListener.log Command line argument:             -Djava.io.tmpdir=C:\Users\migue\Desktop\Archivos le Quas\Semestre 8\Extras\Metaphorce\Skill Challenge 3 - Servidores\skillCh3-Players\apache-tomcat-9.0.91\temp
20-Jul-2024 16:03:31.481 INFO [main] org.apache.catalina.core.AprLifecycleListener.lifecycleEvent Cargada la biblioteca nativa APR de Apache Tomcat [1.3.0] con la versión APR [1.7.4].
20-Jul-2024 16:03:31.484 INFO [main] org.apache.catalina.core.AprLifecycleListener.lifecycleEvent Capacidades APR: IPv6 [true], enviar fichero [true], aceptar filtros [false], aleatorio [true], UDS [true].
20-Jul-2024 16:03:31.484 INFO [main] org.apache.catalina.core.AprLifecycleListener.lifecycleEvent APR/OpenSSL configuration: useAprConnector [false], useOpenSSL [true]
20-Jul-2024 16:03:31.495 INFO [main] org.apache.catalina.core.AprLifecycleListener.initializeSSL OpenSSL inicializado correctamente [OpenSSL 3.0.13 30 Jan 2024]
20-Jul-2024 16:03:31.950 INFO [main] org.apache.coyote.AbstractProtocol.init Inicializando el manejador de protocolo ["http-nio-8080"]

20-Jul-2024 16:03:31.978 INFO [main] org.apache.catalina.startup.Catalina.load Server initialization in [818] milliseconds
20-Jul-2024 16:03:32.050 INFO [main] org.apache.catalina.core.StandardService.startInternal Arrancando servicio [Catalina]
20-Jul-2024 16:03:32.050 INFO [main] org.apache.catalina.core.StandardEngine.startInternal Starting Servlet engine: [Apache Tomcat/9.0.91]
20-Jul-2024 16:03:32.082 INFO [main] org.apache.catalina.startup.HostConfig.deployWAR Despliegue del archivo [C:\Users\migue\Desktop\Archivos le Quas\Semestre 8\Extras\Metaphorce\Skill Challenge 3 - Servidores\skillCh3-Players\apache-tomcat-9.0.91\webapps\PlayerLobbys.war] de la aplicación web
20-Jul-2024 16:03:32.548 INFO [main] org.apache.catalina.startup.HostConfig.deployWAR Deployment of web application archive [C:\Users\migue\Desktop\Archivos le Quas\Semestre 8\Extras\Metaphorce\Skill Challenge 3 - Servidores\skillCh3-Players\apache-tomcat-9.0.91\webapps\PlayerLobbys.war] has finished in [463] ms
20-Jul-2024 16:03:32.549 INFO [main] org.apache.catalina.startup.HostConfig.deployDirectory Desplegando el directorio [C:\Users\migue\Desktop\Archivos le Quas\Semestre 8\Extras\Metaphorce\Skill Challenge 3 - Servidores\skillCh3-Players\apache-tomcat-9.0.91\webapps\docs] de la aplicación web
20-Jul-2024 16:03:32.629 INFO [main] org.apache.catalina.startup.HostConfig.deployDirectory Deployment of web application directory [C:\Users\migue\Desktop\Archivos le Quas\Semestre 8\Extras\Metaphorce\Skill Challenge 3 - Servidores\skillCh3-Players\apache-tomcat-9.0.91\webapps\docs] has finished in [79] ms
20-Jul-2024 16:03:32.630 INFO [main] org.apache.catalina.startup.HostConfig.deployDirectory Desplegando el directorio [C:\Users\migue\Desktop\Archivos le Quas\Semestre 8\Extras\Metaphorce\Skill Challenge 3 - Servidores\skillCh3-Players\apache-tomcat-9.0.91\webapps\examples] de la aplicación web
20-Jul-2024 16:03:33.582 INFO [main] org.apache.catalina.startup.HostConfig.deployDirectory Deployment of web application directory [C:\Users\migue\Desktop\Archivos le Quas\Semestre 8\Extras\Metaphorce\Skill Challenge 3 - Servidores\skillCh3-Players\apache-tomcat-9.0.91\webapps\examples] has finished in [953] ms
20-Jul-2024 16:03:33.582 INFO [main] org.apache.catalina.startup.HostConfig.deployDirectory Desplegando el directorio [C:\Users\migue\Desktop\Archivos le Quas\Semestre 8\Extras\Metaphorce\Skill Challenge 3 - Servidores\skillCh3-Players\apache-tomcat-9.0.91\webapps\host-manager] de la aplicación web
20-Jul-2024 16:03:33.658 INFO [main] org.apache.catalina.startup.HostConfig.deployDirectory Deployment of web application directory [C:\Users\migue\Desktop\Archivos le Quas\Semestre 8\Extras\Metaphorce\Skill Challenge 3 - Servidores\skillCh3-Players\apache-tomcat-9.0.91\webapps\host-manager] has finished in [76] ms
20-Jul-2024 16:03:33.659 INFO [main] org.apache.catalina.startup.HostConfig.deployDirectory Desplegando el directorio [C:\Users\migue\Desktop\Archivos le Quas\Semestre 8\Extras\Metaphorce\Skill Challenge 3 - Servidores\skillCh3-Players\apache-tomcat-9.0.91\webapps\manager] de la aplicación web
20-Jul-2024 16:03:33.717 INFO [main] org.apache.catalina.startup.HostConfig.deployDirectory Deployment of web application directory [C:\Users\migue\Desktop\Archivos le Quas\Semestre 8\Extras\Metaphorce\Skill Challenge 3 - Servidores\skillCh3-Players\apache-tomcat-9.0.91\webapps\manager] has finished in [58] ms
20-Jul-2024 16:03:33.717 INFO [main] org.apache.catalina.startup.HostConfig.deployDirectory Desplegando el directorio [C:\Users\migue\Desktop\Archivos le Quas\Semestre 8\Extras\Metaphorce\Skill Challenge 3 - Servidores\skillCh3-Players\apache-tomcat-9.0.91\webapps\ROOT] de la aplicación web
20-Jul-2024 16:03:33.756 INFO [main] org.apache.catalina.startup.HostConfig.deployDirectory Deployment of web application directory [C:\Users\migue\Desktop\Archivos le Quas\Semestre 8\Extras\Metaphorce\Skill Challenge 3 - Servidores\skillCh3-Players\apache-tomcat-9.0.91\webapps\ROOT] has finished in [39] ms
20-Jul-2024 16:03:33.765 INFO [main] org.apache.coyote.AbstractProtocol.start Starting ProtocolHandler ["http-nio-8080"]
20-Jul-2024 16:03:33.794 INFO [main] org.apache.catalina.startup.Catalina.start Server startup in [1815] milliseconds
20-Jul-2024 16:16:53.477 INFO [Thread-1] org.apache.coyote.AbstractProtocol.pause Pausing ProtocolHandler ["http-nio-8080"]
20-Jul-2024 16:16:53.488 INFO [Thread-1] org.apache.catalina.core.StandardService.stopInternal Parando servicio [Catalina]
20-Jul-2024 16:16:53.515 INFO [Thread-1] org.apache.coyote.AbstractProtocol.stop Stopping ProtocolHandler ["http-nio-8080"]
20-Jul-2024 16:16:53.527 INFO [Thread-1] org.apache.coyote.AbstractProtocol.destroy Destroying ProtocolHandler ["http-nio-8080"]
20-Jul-2024 16:16:58.011 INFO [main] org.apache.catalina.startup.VersionLoggerListener.log Nombre de la versión del servidor: Apache Tomcat/9.0.91
20-Jul-2024 16:16:58.015 INFO [main] org.apache.catalina.startup.VersionLoggerListener.log Server built:                      Jul 2 2024 12:35:51 UTC
20-Jul-2024 16:16:58.016 INFO [main] org.apache.catalina.startup.VersionLoggerListener.log Número de versión de servidor:     9.0.91.0
20-Jul-2024 16:16:58.016 INFO [main] org.apache.catalina.startup.VersionLoggerListener.log OS Name:                           Windows 10
20-Jul-2024 16:16:58.016 INFO [main] org.apache.catalina.startup.VersionLoggerListener.log Versión de Systema Operativo:      10.0
20-Jul-2024 16:16:58.017 INFO [main] org.apache.catalina.startup.VersionLoggerListener.log Arquitectura:                      amd64
20-Jul-2024 16:16:58.017 INFO [main] org.apache.catalina.startup.VersionLoggerListener.log Java Home:                         C:\Program Files\Java\jdk-21
20-Jul-2024 16:16:58.017 INFO [main] org.apache.catalina.startup.VersionLoggerListener.log JVM Version:                       21.0.2+13-LTS-58
20-Jul-2024 16:16:58.017 INFO [main] org.apache.catalina.startup.VersionLoggerListener.log Vededor JVM:                       Oracle Corporation
20-Jul-2024 16:16:58.017 INFO [main] org.apache.catalina.startup.VersionLoggerListener.log CATALINA_BASE:                     C:\Users\migue\Desktop\Archivos le Quas\Semestre 8\Extras\Metaphorce\Skill Challenge 3 - Servidores\skillCh3-Players\apache-tomcat-9.0.91
20-Jul-2024 16:16:58.018 INFO [main] org.apache.catalina.startup.VersionLoggerListener.log CATALINA_HOME:                     C:\Users\migue\Desktop\Archivos le Quas\Semestre 8\Extras\Metaphorce\Skill Challenge 3 - Servidores\skillCh3-Players\apache-tomcat-9.0.91
20-Jul-2024 16:16:58.026 INFO [main] org.apache.catalina.startup.VersionLoggerListener.log Command line argument:             --add-opens=java.base/java.lang=ALL-UNNAMED
20-Jul-2024 16:16:58.026 INFO [main] org.apache.catalina.startup.VersionLoggerListener.log Command line argument:             --add-opens=java.base/java.io=ALL-UNNAMED
20-Jul-2024 16:16:58.026 INFO [main] org.apache.catalina.startup.VersionLoggerListener.log Command line argument:             --add-opens=java.base/java.util=ALL-UNNAMED
20-Jul-2024 16:16:58.027 INFO [main] org.apache.catalina.startup.VersionLoggerListener.log Command line argument:             --add-opens=java.base/java.util.concurrent=ALL-UNNAMED
20-Jul-2024 16:16:58.027 INFO [main] org.apache.catalina.startup.VersionLoggerListener.log Command line argument:             --add-opens=java.rmi/sun.rmi.transport=ALL-UNNAMED
20-Jul-2024 16:16:58.028 INFO [main] org.apache.catalina.startup.VersionLoggerListener.log Command line argument:             -Djava.util.logging.config.file=C:\Users\migue\Desktop\Archivos le Quas\Semestre 8\Extras\Metaphorce\Skill Challenge 3 - Servidores\skillCh3-Players\apache-tomcat-9.0.91\conf\logging.properties
20-Jul-2024 16:16:58.028 INFO [main] org.apache.catalina.startup.VersionLoggerListener.log Command line argument:             -Djava.util.logging.manager=org.apache.juli.ClassLoaderLogManager
20-Jul-2024 16:16:58.029 INFO [main] org.apache.catalina.startup.VersionLoggerListener.log Command line argument:             -Djdk.tls.ephemeralDHKeySize=2048
20-Jul-2024 16:16:58.029 INFO [main] org.apache.catalina.startup.VersionLoggerListener.log Command line argument:             -Djava.protocol.handler.pkgs=org.apache.catalina.webresources
20-Jul-2024 16:16:58.029 INFO [main] org.apache.catalina.startup.VersionLoggerListener.log Command line argument:             -Dignore.endorsed.dirs=
20-Jul-2024 16:16:58.030 INFO [main] org.apache.catalina.startup.VersionLoggerListener.log Command line argument:             -Dcatalina.base=C:\Users\migue\Desktop\Archivos le Quas\Semestre 8\Extras\Metaphorce\Skill Challenge 3 - Servidores\skillCh3-Players\apache-tomcat-9.0.91
20-Jul-2024 16:16:58.030 INFO [main] org.apache.catalina.startup.VersionLoggerListener.log Command line argument:             -Dcatalina.home=C:\Users\migue\Desktop\Archivos le Quas\Semestre 8\Extras\Metaphorce\Skill Challenge 3 - Servidores\skillCh3-Players\apache-tomcat-9.0.91
20-Jul-2024 16:16:58.031 INFO [main] org.apache.catalina.startup.VersionLoggerListener.log Command line argument:             -Djava.io.tmpdir=C:\Users\migue\Desktop\Archivos le Quas\Semestre 8\Extras\Metaphorce\Skill Challenge 3 - Servidores\skillCh3-Players\apache-tomcat-9.0.91\temp
20-Jul-2024 16:16:58.039 INFO [main] org.apache.catalina.core.AprLifecycleListener.lifecycleEvent Cargada la biblioteca nativa APR de Apache Tomcat [1.3.0] con la versión APR [1.7.4].
20-Jul-2024 16:16:58.039 INFO [main] org.apache.catalina.core.AprLifecycleListener.lifecycleEvent Capacidades APR: IPv6 [true], enviar fichero [true], aceptar filtros [false], aleatorio [true], UDS [true].
20-Jul-2024 16:16:58.041 INFO [main] org.apache.catalina.core.AprLifecycleListener.lifecycleEvent APR/OpenSSL configuration: useAprConnector [false], useOpenSSL [true]
20-Jul-2024 16:16:58.048 INFO [main] org.apache.catalina.core.AprLifecycleListener.initializeSSL OpenSSL inicializado correctamente [OpenSSL 3.0.13 30 Jan 2024]
20-Jul-2024 16:16:58.425 INFO [main] org.apache.coyote.AbstractProtocol.init Inicializando el manejador de protocolo ["http-nio-8080"]

20-Jul-2024 16:16:58.451 INFO [main] org.apache.catalina.startup.Catalina.load Server initialization in [707] milliseconds
20-Jul-2024 16:16:58.517 INFO [main] org.apache.catalina.core.StandardService.startInternal Arrancando servicio [Catalina]
20-Jul-2024 16:16:58.518 INFO [main] org.apache.catalina.core.StandardEngine.startInternal Starting Servlet engine: [Apache Tomcat/9.0.91]
20-Jul-2024 16:16:58.540 INFO [main] org.apache.catalina.startup.HostConfig.deployWAR Despliegue del archivo [C:\Users\migue\Desktop\Archivos le Quas\Semestre 8\Extras\Metaphorce\Skill Challenge 3 - Servidores\skillCh3-Players\apache-tomcat-9.0.91\webapps\PlayerLobbys.war] de la aplicación web
20-Jul-2024 16:16:58.917 INFO [main] org.apache.catalina.startup.HostConfig.deployWAR Deployment of web application archive [C:\Users\migue\Desktop\Archivos le Quas\Semestre 8\Extras\Metaphorce\Skill Challenge 3 - Servidores\skillCh3-Players\apache-tomcat-9.0.91\webapps\PlayerLobbys.war] has finished in [373] ms
20-Jul-2024 16:16:58.919 INFO [main] org.apache.catalina.startup.HostConfig.deployDirectory Desplegando el directorio [C:\Users\migue\Desktop\Archivos le Quas\Semestre 8\Extras\Metaphorce\Skill Challenge 3 - Servidores\skillCh3-Players\apache-tomcat-9.0.91\webapps\docs] de la aplicación web
20-Jul-2024 16:16:58.975 INFO [main] org.apache.catalina.startup.HostConfig.deployDirectory Deployment of web application directory [C:\Users\migue\Desktop\Archivos le Quas\Semestre 8\Extras\Metaphorce\Skill Challenge 3 - Servidores\skillCh3-Players\apache-tomcat-9.0.91\webapps\docs] has finished in [56] ms
20-Jul-2024 16:16:58.975 INFO [main] org.apache.catalina.startup.HostConfig.deployDirectory Desplegando el directorio [C:\Users\migue\Desktop\Archivos le Quas\Semestre 8\Extras\Metaphorce\Skill Challenge 3 - Servidores\skillCh3-Players\apache-tomcat-9.0.91\webapps\examples] de la aplicación web
20-Jul-2024 16:16:59.594 INFO [main] org.apache.catalina.startup.HostConfig.deployDirectory Deployment of web application directory [C:\Users\migue\Desktop\Archivos le Quas\Semestre 8\Extras\Metaphorce\Skill Challenge 3 - Servidores\skillCh3-Players\apache-tomcat-9.0.91\webapps\examples] has finished in [619] ms
20-Jul-2024 16:16:59.594 INFO [main] org.apache.catalina.startup.HostConfig.deployDirectory Desplegando el directorio [C:\Users\migue\Desktop\Archivos le Quas\Semestre 8\Extras\Metaphorce\Skill Challenge 3 - Servidores\skillCh3-Players\apache-tomcat-9.0.91\webapps\host-manager] de la aplicación web
20-Jul-2024 16:16:59.648 INFO [main] org.apache.catalina.startup.HostConfig.deployDirectory Deployment of web application directory [C:\Users\migue\Desktop\Archivos le Quas\Semestre 8\Extras\Metaphorce\Skill Challenge 3 - Servidores\skillCh3-Players\apache-tomcat-9.0.91\webapps\host-manager] has finished in [54] ms
20-Jul-2024 16:16:59.649 INFO [main] org.apache.catalina.startup.HostConfig.deployDirectory Desplegando el directorio [C:\Users\migue\Desktop\Archivos le Quas\Semestre 8\Extras\Metaphorce\Skill Challenge 3 - Servidores\skillCh3-Players\apache-tomcat-9.0.91\webapps\manager] de la aplicación web
20-Jul-2024 16:16:59.707 INFO [main] org.apache.catalina.startup.HostConfig.deployDirectory Deployment of web application directory [C:\Users\migue\Desktop\Archivos le Quas\Semestre 8\Extras\Metaphorce\Skill Challenge 3 - Servidores\skillCh3-Players\apache-tomcat-9.0.91\webapps\manager] has finished in [57] ms
20-Jul-2024 16:16:59.707 INFO [main] org.apache.catalina.startup.HostConfig.deployDirectory Desplegando el directorio [C:\Users\migue\Desktop\Archivos le Quas\Semestre 8\Extras\Metaphorce\Skill Challenge 3 - Servidores\skillCh3-Players\apache-tomcat-9.0.91\webapps\ROOT] de la aplicación web
20-Jul-2024 16:16:59.746 INFO [main] org.apache.catalina.startup.HostConfig.deployDirectory Deployment of web application directory [C:\Users\migue\Desktop\Archivos le Quas\Semestre 8\Extras\Metaphorce\Skill Challenge 3 - Servidores\skillCh3-Players\apache-tomcat-9.0.91\webapps\ROOT] has finished in [38] ms
20-Jul-2024 16:16:59.755 INFO [main] org.apache.coyote.AbstractProtocol.start Starting ProtocolHandler ["http-nio-8080"]
20-Jul-2024 16:16:59.780 INFO [main] org.apache.catalina.startup.Catalina.start Server startup in [1326] milliseconds
20-Jul-2024 16:20:32.263 INFO [Thread-1] org.apache.coyote.AbstractProtocol.pause Pausing ProtocolHandler ["http-nio-8080"]
20-Jul-2024 16:20:32.274 INFO [Thread-1] org.apache.catalina.core.StandardService.stopInternal Parando servicio [Catalina]
20-Jul-2024 16:20:32.299 INFO [Thread-1] org.apache.coyote.AbstractProtocol.stop Stopping ProtocolHandler ["http-nio-8080"]
20-Jul-2024 16:20:32.315 INFO [Thread-1] org.apache.coyote.AbstractProtocol.destroy Destroying ProtocolHandler ["http-nio-8080"]
20-Jul-2024 16:27:16.934 INFO [main] org.apache.catalina.startup.VersionLoggerListener.log Nombre de la versión del servidor: Apache Tomcat/9.0.91
20-Jul-2024 16:27:16.938 INFO [main] org.apache.catalina.startup.VersionLoggerListener.log Server built:                      Jul 2 2024 12:35:51 UTC
20-Jul-2024 16:27:16.939 INFO [main] org.apache.catalina.startup.VersionLoggerListener.log Número de versión de servidor:     9.0.91.0
20-Jul-2024 16:27:16.939 INFO [main] org.apache.catalina.startup.VersionLoggerListener.log OS Name:                           Windows 10
20-Jul-2024 16:27:16.940 INFO [main] org.apache.catalina.startup.VersionLoggerListener.log Versión de Systema Operativo:      10.0
20-Jul-2024 16:27:16.941 INFO [main] org.apache.catalina.startup.VersionLoggerListener.log Arquitectura:                      amd64
20-Jul-2024 16:27:16.941 INFO [main] org.apache.catalina.startup.VersionLoggerListener.log Java Home:                         C:\Program Files\Java\jdk-21
20-Jul-2024 16:27:16.942 INFO [main] org.apache.catalina.startup.VersionLoggerListener.log JVM Version:                       21.0.2+13-LTS-58
20-Jul-2024 16:27:16.942 INFO [main] org.apache.catalina.startup.VersionLoggerListener.log Vededor JVM:                       Oracle Corporation
20-Jul-2024 16:27:16.942 INFO [main] org.apache.catalina.startup.VersionLoggerListener.log CATALINA_BASE:                     C:\Users\migue\Desktop\Archivos le Quas\Semestre 8\Extras\Metaphorce\Skill Challenge 3 - Servidores\skillCh3-Players\apache-tomcat-9.0.91
20-Jul-2024 16:27:16.943 INFO [main] org.apache.catalina.startup.VersionLoggerListener.log CATALINA_HOME:                     C:\Users\migue\Desktop\Archivos le Quas\Semestre 8\Extras\Metaphorce\Skill Challenge 3 - Servidores\skillCh3-Players\apache-tomcat-9.0.91
20-Jul-2024 16:27:16.950 INFO [main] org.apache.catalina.startup.VersionLoggerListener.log Command line argument:             --add-opens=java.base/java.lang=ALL-UNNAMED
20-Jul-2024 16:27:16.952 INFO [main] org.apache.catalina.startup.VersionLoggerListener.log Command line argument:             --add-opens=java.base/java.io=ALL-UNNAMED
20-Jul-2024 16:27:16.953 INFO [main] org.apache.catalina.startup.VersionLoggerListener.log Command line argument:             --add-opens=java.base/java.util=ALL-UNNAMED
20-Jul-2024 16:27:16.953 INFO [main] org.apache.catalina.startup.VersionLoggerListener.log Command line argument:             --add-opens=java.base/java.util.concurrent=ALL-UNNAMED
20-Jul-2024 16:27:16.955 INFO [main] org.apache.catalina.startup.VersionLoggerListener.log Command line argument:             --add-opens=java.rmi/sun.rmi.transport=ALL-UNNAMED
20-Jul-2024 16:27:16.955 INFO [main] org.apache.catalina.startup.VersionLoggerListener.log Command line argument:             -Djava.util.logging.config.file=C:\Users\migue\Desktop\Archivos le Quas\Semestre 8\Extras\Metaphorce\Skill Challenge 3 - Servidores\skillCh3-Players\apache-tomcat-9.0.91\conf\logging.properties
20-Jul-2024 16:27:16.956 INFO [main] org.apache.catalina.startup.VersionLoggerListener.log Command line argument:             -Djava.util.logging.manager=org.apache.juli.ClassLoaderLogManager
20-Jul-2024 16:27:16.956 INFO [main] org.apache.catalina.startup.VersionLoggerListener.log Command line argument:             -Djdk.tls.ephemeralDHKeySize=2048
20-Jul-2024 16:27:16.957 INFO [main] org.apache.catalina.startup.VersionLoggerListener.log Command line argument:             -Djava.protocol.handler.pkgs=org.apache.catalina.webresources
20-Jul-2024 16:27:16.957 INFO [main] org.apache.catalina.startup.VersionLoggerListener.log Command line argument:             -Dignore.endorsed.dirs=
20-Jul-2024 16:27:16.958 INFO [main] org.apache.catalina.startup.VersionLoggerListener.log Command line argument:             -Dcatalina.base=C:\Users\migue\Desktop\Archivos le Quas\Semestre 8\Extras\Metaphorce\Skill Challenge 3 - Servidores\skillCh3-Players\apache-tomcat-9.0.91
20-Jul-2024 16:27:16.958 INFO [main] org.apache.catalina.startup.VersionLoggerListener.log Command line argument:             -Dcatalina.home=C:\Users\migue\Desktop\Archivos le Quas\Semestre 8\Extras\Metaphorce\Skill Challenge 3 - Servidores\skillCh3-Players\apache-tomcat-9.0.91
20-Jul-2024 16:27:16.959 INFO [main] org.apache.catalina.startup.VersionLoggerListener.log Command line argument:             -Djava.io.tmpdir=C:\Users\migue\Desktop\Archivos le Quas\Semestre 8\Extras\Metaphorce\Skill Challenge 3 - Servidores\skillCh3-Players\apache-tomcat-9.0.91\temp
20-Jul-2024 16:27:16.964 INFO [main] org.apache.catalina.core.AprLifecycleListener.lifecycleEvent Cargada la biblioteca nativa APR de Apache Tomcat [1.3.0] con la versión APR [1.7.4].
20-Jul-2024 16:27:16.965 INFO [main] org.apache.catalina.core.AprLifecycleListener.lifecycleEvent Capacidades APR: IPv6 [true], enviar fichero [true], aceptar filtros [false], aleatorio [true], UDS [true].
20-Jul-2024 16:27:16.965 INFO [main] org.apache.catalina.core.AprLifecycleListener.lifecycleEvent APR/OpenSSL configuration: useAprConnector [false], useOpenSSL [true]
20-Jul-2024 16:27:16.972 INFO [main] org.apache.catalina.core.AprLifecycleListener.initializeSSL OpenSSL inicializado correctamente [OpenSSL 3.0.13 30 Jan 2024]
20-Jul-2024 16:27:17.341 INFO [main] org.apache.coyote.AbstractProtocol.init Inicializando el manejador de protocolo ["http-nio-8080"]

20-Jul-2024 16:27:17.370 INFO [main] org.apache.catalina.startup.Catalina.load Server initialization in [688] milliseconds
20-Jul-2024 16:27:17.438 INFO [main] org.apache.catalina.core.StandardService.startInternal Arrancando servicio [Catalina]
20-Jul-2024 16:27:17.438 INFO [main] org.apache.catalina.core.StandardEngine.startInternal Starting Servlet engine: [Apache Tomcat/9.0.91]
20-Jul-2024 16:27:17.469 INFO [main] org.apache.catalina.startup.HostConfig.deployWAR Despliegue del archivo [C:\Users\migue\Desktop\Archivos le Quas\Semestre 8\Extras\Metaphorce\Skill Challenge 3 - Servidores\skillCh3-Players\apache-tomcat-9.0.91\webapps\PlayerLobbys.war] de la aplicación web
20-Jul-2024 16:27:17.925 INFO [main] org.apache.catalina.startup.HostConfig.deployWAR Deployment of web application archive [C:\Users\migue\Desktop\Archivos le Quas\Semestre 8\Extras\Metaphorce\Skill Challenge 3 - Servidores\skillCh3-Players\apache-tomcat-9.0.91\webapps\PlayerLobbys.war] has finished in [454] ms
20-Jul-2024 16:27:17.927 INFO [main] org.apache.catalina.startup.HostConfig.deployDirectory Desplegando el directorio [C:\Users\migue\Desktop\Archivos le Quas\Semestre 8\Extras\Metaphorce\Skill Challenge 3 - Servidores\skillCh3-Players\apache-tomcat-9.0.91\webapps\docs] de la aplicación web
20-Jul-2024 16:27:17.985 INFO [main] org.apache.catalina.startup.HostConfig.deployDirectory Deployment of web application directory [C:\Users\migue\Desktop\Archivos le Quas\Semestre 8\Extras\Metaphorce\Skill Challenge 3 - Servidores\skillCh3-Players\apache-tomcat-9.0.91\webapps\docs] has finished in [58] ms
20-Jul-2024 16:27:17.986 INFO [main] org.apache.catalina.startup.HostConfig.deployDirectory Desplegando el directorio [C:\Users\migue\Desktop\Archivos le Quas\Semestre 8\Extras\Metaphorce\Skill Challenge 3 - Servidores\skillCh3-Players\apache-tomcat-9.0.91\webapps\examples] de la aplicación web
20-Jul-2024 16:27:18.570 INFO [main] org.apache.catalina.startup.HostConfig.deployDirectory Deployment of web application directory [C:\Users\migue\Desktop\Archivos le Quas\Semestre 8\Extras\Metaphorce\Skill Challenge 3 - Servidores\skillCh3-Players\apache-tomcat-9.0.91\webapps\examples] has finished in [583] ms
20-Jul-2024 16:27:18.570 INFO [main] org.apache.catalina.startup.HostConfig.deployDirectory Desplegando el directorio [C:\Users\migue\Desktop\Archivos le Quas\Semestre 8\Extras\Metaphorce\Skill Challenge 3 - Servidores\skillCh3-Players\apache-tomcat-9.0.91\webapps\host-manager] de la aplicación web
20-Jul-2024 16:27:18.640 INFO [main] org.apache.catalina.startup.HostConfig.deployDirectory Deployment of web application directory [C:\Users\migue\Desktop\Archivos le Quas\Semestre 8\Extras\Metaphorce\Skill Challenge 3 - Servidores\skillCh3-Players\apache-tomcat-9.0.91\webapps\host-manager] has finished in [70] ms
20-Jul-2024 16:27:18.641 INFO [main] org.apache.catalina.startup.HostConfig.deployDirectory Desplegando el directorio [C:\Users\migue\Desktop\Archivos le Quas\Semestre 8\Extras\Metaphorce\Skill Challenge 3 - Servidores\skillCh3-Players\apache-tomcat-9.0.91\webapps\manager] de la aplicación web
20-Jul-2024 16:27:18.714 INFO [main] org.apache.catalina.startup.HostConfig.deployDirectory Deployment of web application directory [C:\Users\migue\Desktop\Archivos le Quas\Semestre 8\Extras\Metaphorce\Skill Challenge 3 - Servidores\skillCh3-Players\apache-tomcat-9.0.91\webapps\manager] has finished in [73] ms
20-Jul-2024 16:27:18.715 INFO [main] org.apache.catalina.startup.HostConfig.deployDirectory Desplegando el directorio [C:\Users\migue\Desktop\Archivos le Quas\Semestre 8\Extras\Metaphorce\Skill Challenge 3 - Servidores\skillCh3-Players\apache-tomcat-9.0.91\webapps\ROOT] de la aplicación web
20-Jul-2024 16:27:18.770 INFO [main] org.apache.catalina.startup.HostConfig.deployDirectory Deployment of web application directory [C:\Users\migue\Desktop\Archivos le Quas\Semestre 8\Extras\Metaphorce\Skill Challenge 3 - Servidores\skillCh3-Players\apache-tomcat-9.0.91\webapps\ROOT] has finished in [54] ms
20-Jul-2024 16:27:18.780 INFO [main] org.apache.coyote.AbstractProtocol.start Starting ProtocolHandler ["http-nio-8080"]
20-Jul-2024 16:27:18.811 INFO [main] org.apache.catalina.startup.Catalina.start Server startup in [1439] milliseconds
20-Jul-2024 16:59:12.070 INFO [Catalina-utility-2] org.apache.catalina.startup.HostConfig.undeploy Repliegue (undeploy) de la aplicación web que tiene como trayectoria de contexto [/PlayerLobbys]
20-Jul-2024 16:59:18.098 INFO [Thread-1] org.apache.coyote.AbstractProtocol.pause Pausing ProtocolHandler ["http-nio-8080"]
20-Jul-2024 16:59:18.111 INFO [Thread-1] org.apache.catalina.core.StandardService.stopInternal Parando servicio [Catalina]
20-Jul-2024 16:59:18.130 INFO [Thread-1] org.apache.coyote.AbstractProtocol.stop Stopping ProtocolHandler ["http-nio-8080"]
20-Jul-2024 16:59:18.145 INFO [Thread-1] org.apache.coyote.AbstractProtocol.destroy Destroying ProtocolHandler ["http-nio-8080"]
20-Jul-2024 17:01:47.133 INFO [main] org.apache.catalina.startup.VersionLoggerListener.log Nombre de la versión del servidor: Apache Tomcat/9.0.91
20-Jul-2024 17:01:47.138 INFO [main] org.apache.catalina.startup.VersionLoggerListener.log Server built:                      Jul 2 2024 12:35:51 UTC
20-Jul-2024 17:01:47.138 INFO [main] org.apache.catalina.startup.VersionLoggerListener.log Número de versión de servidor:     9.0.91.0
20-Jul-2024 17:01:47.139 INFO [main] org.apache.catalina.startup.VersionLoggerListener.log OS Name:                           Windows 10
20-Jul-2024 17:01:47.139 INFO [main] org.apache.catalina.startup.VersionLoggerListener.log Versión de Systema Operativo:      10.0
20-Jul-2024 17:01:47.139 INFO [main] org.apache.catalina.startup.VersionLoggerListener.log Arquitectura:                      amd64
20-Jul-2024 17:01:47.139 INFO [main] org.apache.catalina.startup.VersionLoggerListener.log Java Home:                         C:\Program Files\Java\jdk-21
20-Jul-2024 17:01:47.139 INFO [main] org.apache.catalina.startup.VersionLoggerListener.log JVM Version:                       21.0.2+13-LTS-58
20-Jul-2024 17:01:47.140 INFO [main] org.apache.catalina.startup.VersionLoggerListener.log Vededor JVM:                       Oracle Corporation
20-Jul-2024 17:01:47.140 INFO [main] org.apache.catalina.startup.VersionLoggerListener.log CATALINA_BASE:                     C:\Users\migue\Desktop\Archivos le Quas\Semestre 8\Extras\Metaphorce\Skill Challenge 3 - Servidores\skillCh3-Players\apache-tomcat-9.0.91
20-Jul-2024 17:01:47.140 INFO [main] org.apache.catalina.startup.VersionLoggerListener.log CATALINA_HOME:                     C:\Users\migue\Desktop\Archivos le Quas\Semestre 8\Extras\Metaphorce\Skill Challenge 3 - Servidores\skillCh3-Players\apache-tomcat-9.0.91
20-Jul-2024 17:01:47.149 INFO [main] org.apache.catalina.startup.VersionLoggerListener.log Command line argument:             --add-opens=java.base/java.lang=ALL-UNNAMED
20-Jul-2024 17:01:47.149 INFO [main] org.apache.catalina.startup.VersionLoggerListener.log Command line argument:             --add-opens=java.base/java.io=ALL-UNNAMED
20-Jul-2024 17:01:47.149 INFO [main] org.apache.catalina.startup.VersionLoggerListener.log Command line argument:             --add-opens=java.base/java.util=ALL-UNNAMED
20-Jul-2024 17:01:47.150 INFO [main] org.apache.catalina.startup.VersionLoggerListener.log Command line argument:             --add-opens=java.base/java.util.concurrent=ALL-UNNAMED
20-Jul-2024 17:01:47.151 INFO [main] org.apache.catalina.startup.VersionLoggerListener.log Command line argument:             --add-opens=java.rmi/sun.rmi.transport=ALL-UNNAMED
20-Jul-2024 17:01:47.151 INFO [main] org.apache.catalina.startup.VersionLoggerListener.log Command line argument:             -Djava.util.logging.config.file=C:\Users\migue\Desktop\Archivos le Quas\Semestre 8\Extras\Metaphorce\Skill Challenge 3 - Servidores\skillCh3-Players\apache-tomcat-9.0.91\conf\logging.properties
20-Jul-2024 17:01:47.152 INFO [main] org.apache.catalina.startup.VersionLoggerListener.log Command line argument:             -Djava.util.logging.manager=org.apache.juli.ClassLoaderLogManager
20-Jul-2024 17:01:47.152 INFO [main] org.apache.catalina.startup.VersionLoggerListener.log Command line argument:             -Djdk.tls.ephemeralDHKeySize=2048
20-Jul-2024 17:01:47.153 INFO [main] org.apache.catalina.startup.VersionLoggerListener.log Command line argument:             -Djava.protocol.handler.pkgs=org.apache.catalina.webresources
20-Jul-2024 17:01:47.154 INFO [main] org.apache.catalina.startup.VersionLoggerListener.log Command line argument:             -Dignore.endorsed.dirs=
20-Jul-2024 17:01:47.154 INFO [main] org.apache.catalina.startup.VersionLoggerListener.log Command line argument:             -Dcatalina.base=C:\Users\migue\Desktop\Archivos le Quas\Semestre 8\Extras\Metaphorce\Skill Challenge 3 - Servidores\skillCh3-Players\apache-tomcat-9.0.91
20-Jul-2024 17:01:47.155 INFO [main] org.apache.catalina.startup.VersionLoggerListener.log Command line argument:             -Dcatalina.home=C:\Users\migue\Desktop\Archivos le Quas\Semestre 8\Extras\Metaphorce\Skill Challenge 3 - Servidores\skillCh3-Players\apache-tomcat-9.0.91
20-Jul-2024 17:01:47.155 INFO [main] org.apache.catalina.startup.VersionLoggerListener.log Command line argument:             -Djava.io.tmpdir=C:\Users\migue\Desktop\Archivos le Quas\Semestre 8\Extras\Metaphorce\Skill Challenge 3 - Servidores\skillCh3-Players\apache-tomcat-9.0.91\temp
20-Jul-2024 17:01:47.159 INFO [main] org.apache.catalina.core.AprLifecycleListener.lifecycleEvent Cargada la biblioteca nativa APR de Apache Tomcat [1.3.0] con la versión APR [1.7.4].
20-Jul-2024 17:01:47.164 INFO [main] org.apache.catalina.core.AprLifecycleListener.lifecycleEvent Capacidades APR: IPv6 [true], enviar fichero [true], aceptar filtros [false], aleatorio [true], UDS [true].
20-Jul-2024 17:01:47.164 INFO [main] org.apache.catalina.core.AprLifecycleListener.lifecycleEvent APR/OpenSSL configuration: useAprConnector [false], useOpenSSL [true]
20-Jul-2024 17:01:47.172 INFO [main] org.apache.catalina.core.AprLifecycleListener.initializeSSL OpenSSL inicializado correctamente [OpenSSL 3.0.13 30 Jan 2024]
20-Jul-2024 17:01:47.555 INFO [main] org.apache.coyote.AbstractProtocol.init Inicializando el manejador de protocolo ["http-nio-8080"]

20-Jul-2024 17:01:47.585 INFO [main] org.apache.catalina.startup.Catalina.load Server initialization in [738] milliseconds
20-Jul-2024 17:01:47.651 INFO [main] org.apache.catalina.core.StandardService.startInternal Arrancando servicio [Catalina]
20-Jul-2024 17:01:47.652 INFO [main] org.apache.catalina.core.StandardEngine.startInternal Starting Servlet engine: [Apache Tomcat/9.0.91]
20-Jul-2024 17:01:47.684 INFO [main] org.apache.catalina.startup.HostConfig.deployWAR Despliegue del archivo [C:\Users\migue\Desktop\Archivos le Quas\Semestre 8\Extras\Metaphorce\Skill Challenge 3 - Servidores\skillCh3-Players\apache-tomcat-9.0.91\webapps\PlayerLobbys.war] de la aplicación web
20-Jul-2024 17:01:48.810 INFO [main] org.apache.jasper.servlet.TldScanner.scanJars Al menos un JAR, que se ha explorado buscando TLDs, aún no contenía TLDs. Activar historial de depuración para este historiador para una completa lista de los JARs que fueron explorados y de los que nos se halló TLDs. Saltarse JARs no necesarios durante la exploración puede dar lugar a una mejora de tiempo significativa en el arranque y compilación de JSP .
20-Jul-2024 17:01:48.891 INFO [main] org.apache.catalina.startup.HostConfig.deployWAR Deployment of web application archive [C:\Users\migue\Desktop\Archivos le Quas\Semestre 8\Extras\Metaphorce\Skill Challenge 3 - Servidores\skillCh3-Players\apache-tomcat-9.0.91\webapps\PlayerLobbys.war] has finished in [1.203] ms
20-Jul-2024 17:01:48.892 INFO [main] org.apache.catalina.startup.HostConfig.deployDirectory Desplegando el directorio [C:\Users\migue\Desktop\Archivos le Quas\Semestre 8\Extras\Metaphorce\Skill Challenge 3 - Servidores\skillCh3-Players\apache-tomcat-9.0.91\webapps\docs] de la aplicación web
20-Jul-2024 17:01:49.561 INFO [main] org.apache.jasper.servlet.TldScanner.scanJars Al menos un JAR, que se ha explorado buscando TLDs, aún no contenía TLDs. Activar historial de depuración para este historiador para una completa lista de los JARs que fueron explorados y de los que nos se halló TLDs. Saltarse JARs no necesarios durante la exploración puede dar lugar a una mejora de tiempo significativa en el arranque y compilación de JSP .
20-Jul-2024 17:01:49.568 INFO [main] org.apache.catalina.startup.HostConfig.deployDirectory Deployment of web application directory [C:\Users\migue\Desktop\Archivos le Quas\Semestre 8\Extras\Metaphorce\Skill Challenge 3 - Servidores\skillCh3-Players\apache-tomcat-9.0.91\webapps\docs] has finished in [675] ms
20-Jul-2024 17:01:49.568 INFO [main] org.apache.catalina.startup.HostConfig.deployDirectory Desplegando el directorio [C:\Users\migue\Desktop\Archivos le Quas\Semestre 8\Extras\Metaphorce\Skill Challenge 3 - Servidores\skillCh3-Players\apache-tomcat-9.0.91\webapps\examples] de la aplicación web
20-Jul-2024 17:01:50.549 INFO [main] org.apache.jasper.servlet.TldScanner.scanJars Al menos un JAR, que se ha explorado buscando TLDs, aún no contenía TLDs. Activar historial de depuración para este historiador para una completa lista de los JARs que fueron explorados y de los que nos se halló TLDs. Saltarse JARs no necesarios durante la exploración puede dar lugar a una mejora de tiempo significativa en el arranque y compilación de JSP .
20-Jul-2024 17:01:50.676 INFO [main] org.apache.catalina.startup.HostConfig.deployDirectory Deployment of web application directory [C:\Users\migue\Desktop\Archivos le Quas\Semestre 8\Extras\Metaphorce\Skill Challenge 3 - Servidores\skillCh3-Players\apache-tomcat-9.0.91\webapps\examples] has finished in [1.107] ms
20-Jul-2024 17:01:50.676 INFO [main] org.apache.catalina.startup.HostConfig.deployDirectory Desplegando el directorio [C:\Users\migue\Desktop\Archivos le Quas\Semestre 8\Extras\Metaphorce\Skill Challenge 3 - Servidores\skillCh3-Players\apache-tomcat-9.0.91\webapps\host-manager] de la aplicación web
20-Jul-2024 17:01:51.208 INFO [main] org.apache.jasper.servlet.TldScanner.scanJars Al menos un JAR, que se ha explorado buscando TLDs, aún no contenía TLDs. Activar historial de depuración para este historiador para una completa lista de los JARs que fueron explorados y de los que nos se halló TLDs. Saltarse JARs no necesarios durante la exploración puede dar lugar a una mejora de tiempo significativa en el arranque y compilación de JSP .
20-Jul-2024 17:01:51.219 INFO [main] org.apache.catalina.startup.HostConfig.deployDirectory Deployment of web application directory [C:\Users\migue\Desktop\Archivos le Quas\Semestre 8\Extras\Metaphorce\Skill Challenge 3 - Servidores\skillCh3-Players\apache-tomcat-9.0.91\webapps\host-manager] has finished in [543] ms
20-Jul-2024 17:01:51.220 INFO [main] org.apache.catalina.startup.HostConfig.deployDirectory Desplegando el directorio [C:\Users\migue\Desktop\Archivos le Quas\Semestre 8\Extras\Metaphorce\Skill Challenge 3 - Servidores\skillCh3-Players\apache-tomcat-9.0.91\webapps\manager] de la aplicación web
20-Jul-2024 17:01:51.824 INFO [main] org.apache.jasper.servlet.TldScanner.scanJars Al menos un JAR, que se ha explorado buscando TLDs, aún no contenía TLDs. Activar historial de depuración para este historiador para una completa lista de los JARs que fueron explorados y de los que nos se halló TLDs. Saltarse JARs no necesarios durante la exploración puede dar lugar a una mejora de tiempo significativa en el arranque y compilación de JSP .
20-Jul-2024 17:01:51.832 INFO [main] org.apache.catalina.startup.HostConfig.deployDirectory Deployment of web application directory [C:\Users\migue\Desktop\Archivos le Quas\Semestre 8\Extras\Metaphorce\Skill Challenge 3 - Servidores\skillCh3-Players\apache-tomcat-9.0.91\webapps\manager] has finished in [612] ms
20-Jul-2024 17:01:51.832 INFO [main] org.apache.catalina.startup.HostConfig.deployDirectory Desplegando el directorio [C:\Users\migue\Desktop\Archivos le Quas\Semestre 8\Extras\Metaphorce\Skill Challenge 3 - Servidores\skillCh3-Players\apache-tomcat-9.0.91\webapps\ROOT] de la aplicación web
20-Jul-2024 17:01:52.416 INFO [main] org.apache.jasper.servlet.TldScanner.scanJars Al menos un JAR, que se ha explorado buscando TLDs, aún no contenía TLDs. Activar historial de depuración para este historiador para una completa lista de los JARs que fueron explorados y de los que nos se halló TLDs. Saltarse JARs no necesarios durante la exploración puede dar lugar a una mejora de tiempo significativa en el arranque y compilación de JSP .
20-Jul-2024 17:01:52.422 INFO [main] org.apache.catalina.startup.HostConfig.deployDirectory Deployment of web application directory [C:\Users\migue\Desktop\Archivos le Quas\Semestre 8\Extras\Metaphorce\Skill Challenge 3 - Servidores\skillCh3-Players\apache-tomcat-9.0.91\webapps\ROOT] has finished in [590] ms
20-Jul-2024 17:01:52.428 INFO [main] org.apache.coyote.AbstractProtocol.start Starting ProtocolHandler ["http-nio-8080"]
20-Jul-2024 17:01:52.458 INFO [main] org.apache.catalina.startup.Catalina.start Server startup in [4871] milliseconds
20-Jul-2024 17:09:00.640 INFO [Thread-1] org.apache.coyote.AbstractProtocol.pause Pausing ProtocolHandler ["http-nio-8080"]
20-Jul-2024 17:09:00.645 INFO [Thread-1] org.apache.catalina.core.StandardService.stopInternal Parando servicio [Catalina]
20-Jul-2024 17:09:00.679 INFO [Thread-1] org.apache.coyote.AbstractProtocol.stop Stopping ProtocolHandler ["http-nio-8080"]
20-Jul-2024 17:09:00.693 INFO [Thread-1] org.apache.coyote.AbstractProtocol.destroy Destroying ProtocolHandler ["http-nio-8080"]
20-Jul-2024 18:02:54.482 INFO [main] org.apache.catalina.startup.VersionLoggerListener.log Nombre de la versión del servidor: Apache Tomcat/9.0.91
20-Jul-2024 18:02:54.486 INFO [main] org.apache.catalina.startup.VersionLoggerListener.log Server built:                      Jul 2 2024 12:35:51 UTC
20-Jul-2024 18:02:54.486 INFO [main] org.apache.catalina.startup.VersionLoggerListener.log Número de versión de servidor:     9.0.91.0
20-Jul-2024 18:02:54.487 INFO [main] org.apache.catalina.startup.VersionLoggerListener.log OS Name:                           Windows 10
20-Jul-2024 18:02:54.487 INFO [main] org.apache.catalina.startup.VersionLoggerListener.log Versión de Systema Operativo:      10.0
20-Jul-2024 18:02:54.487 INFO [main] org.apache.catalina.startup.VersionLoggerListener.log Arquitectura:                      amd64
20-Jul-2024 18:02:54.487 INFO [main] org.apache.catalina.startup.VersionLoggerListener.log Java Home:                         C:\Program Files\Java\jdk-21
20-Jul-2024 18:02:54.488 INFO [main] org.apache.catalina.startup.VersionLoggerListener.log JVM Version:                       21.0.2+13-LTS-58
20-Jul-2024 18:02:54.488 INFO [main] org.apache.catalina.startup.VersionLoggerListener.log Vededor JVM:                       Oracle Corporation
20-Jul-2024 18:02:54.488 INFO [main] org.apache.catalina.startup.VersionLoggerListener.log CATALINA_BASE:                     C:\Users\migue\Desktop\Archivos le Quas\Semestre 8\Extras\Metaphorce\Skill Challenge 3 - Servidores\skillCh3-Players\apache-tomcat-9.0.91
20-Jul-2024 18:02:54.488 INFO [main] org.apache.catalina.startup.VersionLoggerListener.log CATALINA_HOME:                     C:\Users\migue\Desktop\Archivos le Quas\Semestre 8\Extras\Metaphorce\Skill Challenge 3 - Servidores\skillCh3-Players\apache-tomcat-9.0.91
20-Jul-2024 18:02:54.497 INFO [main] org.apache.catalina.startup.VersionLoggerListener.log Command line argument:             --add-opens=java.base/java.lang=ALL-UNNAMED
20-Jul-2024 18:02:54.497 INFO [main] org.apache.catalina.startup.VersionLoggerListener.log Command line argument:             --add-opens=java.base/java.io=ALL-UNNAMED
20-Jul-2024 18:02:54.498 INFO [main] org.apache.catalina.startup.VersionLoggerListener.log Command line argument:             --add-opens=java.base/java.util=ALL-UNNAMED
20-Jul-2024 18:02:54.498 INFO [main] org.apache.catalina.startup.VersionLoggerListener.log Command line argument:             --add-opens=java.base/java.util.concurrent=ALL-UNNAMED
20-Jul-2024 18:02:54.499 INFO [main] org.apache.catalina.startup.VersionLoggerListener.log Command line argument:             --add-opens=java.rmi/sun.rmi.transport=ALL-UNNAMED
20-Jul-2024 18:02:54.499 INFO [main] org.apache.catalina.startup.VersionLoggerListener.log Command line argument:             -Djava.util.logging.config.file=C:\Users\migue\Desktop\Archivos le Quas\Semestre 8\Extras\Metaphorce\Skill Challenge 3 - Servidores\skillCh3-Players\apache-tomcat-9.0.91\conf\logging.properties
20-Jul-2024 18:02:54.500 INFO [main] org.apache.catalina.startup.VersionLoggerListener.log Command line argument:             -Djava.util.logging.manager=org.apache.juli.ClassLoaderLogManager
20-Jul-2024 18:02:54.500 INFO [main] org.apache.catalina.startup.VersionLoggerListener.log Command line argument:             -Djdk.tls.ephemeralDHKeySize=2048
20-Jul-2024 18:02:54.501 INFO [main] org.apache.catalina.startup.VersionLoggerListener.log Command line argument:             -Djava.protocol.handler.pkgs=org.apache.catalina.webresources
20-Jul-2024 18:02:54.501 INFO [main] org.apache.catalina.startup.VersionLoggerListener.log Command line argument:             -Dignore.endorsed.dirs=
20-Jul-2024 18:02:54.501 INFO [main] org.apache.catalina.startup.VersionLoggerListener.log Command line argument:             -Dcatalina.base=C:\Users\migue\Desktop\Archivos le Quas\Semestre 8\Extras\Metaphorce\Skill Challenge 3 - Servidores\skillCh3-Players\apache-tomcat-9.0.91
20-Jul-2024 18:02:54.502 INFO [main] org.apache.catalina.startup.VersionLoggerListener.log Command line argument:             -Dcatalina.home=C:\Users\migue\Desktop\Archivos le Quas\Semestre 8\Extras\Metaphorce\Skill Challenge 3 - Servidores\skillCh3-Players\apache-tomcat-9.0.91
20-Jul-2024 18:02:54.502 INFO [main] org.apache.catalina.startup.VersionLoggerListener.log Command line argument:             -Djava.io.tmpdir=C:\Users\migue\Desktop\Archivos le Quas\Semestre 8\Extras\Metaphorce\Skill Challenge 3 - Servidores\skillCh3-Players\apache-tomcat-9.0.91\temp
20-Jul-2024 18:02:54.509 INFO [main] org.apache.catalina.core.AprLifecycleListener.lifecycleEvent Cargada la biblioteca nativa APR de Apache Tomcat [1.3.0] con la versión APR [1.7.4].
20-Jul-2024 18:02:54.511 INFO [main] org.apache.catalina.core.AprLifecycleListener.lifecycleEvent Capacidades APR: IPv6 [true], enviar fichero [true], aceptar filtros [false], aleatorio [true], UDS [true].
20-Jul-2024 18:02:54.512 INFO [main] org.apache.catalina.core.AprLifecycleListener.lifecycleEvent APR/OpenSSL configuration: useAprConnector [false], useOpenSSL [true]
20-Jul-2024 18:02:54.522 INFO [main] org.apache.catalina.core.AprLifecycleListener.initializeSSL OpenSSL inicializado correctamente [OpenSSL 3.0.13 30 Jan 2024]
20-Jul-2024 18:02:54.911 INFO [main] org.apache.coyote.AbstractProtocol.init Inicializando el manejador de protocolo ["http-nio-8080"]

20-Jul-2024 18:02:54.939 INFO [main] org.apache.catalina.startup.Catalina.load Server initialization in [763] milliseconds
20-Jul-2024 18:02:55.006 INFO [main] org.apache.catalina.core.StandardService.startInternal Arrancando servicio [Catalina]
20-Jul-2024 18:02:55.007 INFO [main] org.apache.catalina.core.StandardEngine.startInternal Starting Servlet engine: [Apache Tomcat/9.0.91]
20-Jul-2024 18:02:55.039 INFO [main] org.apache.catalina.startup.HostConfig.deployWAR Despliegue del archivo [C:\Users\migue\Desktop\Archivos le Quas\Semestre 8\Extras\Metaphorce\Skill Challenge 3 - Servidores\skillCh3-Players\apache-tomcat-9.0.91\webapps\PlayerLobbys.war] de la aplicación web
20-Jul-2024 18:02:56.099 INFO [main] org.apache.jasper.servlet.TldScanner.scanJars Al menos un JAR, que se ha explorado buscando TLDs, aún no contenía TLDs. Activar historial de depuración para este historiador para una completa lista de los JARs que fueron explorados y de los que nos se halló TLDs. Saltarse JARs no necesarios durante la exploración puede dar lugar a una mejora de tiempo significativa en el arranque y compilación de JSP .
20-Jul-2024 18:02:56.161 INFO [main] org.apache.catalina.startup.HostConfig.deployWAR Deployment of web application archive [C:\Users\migue\Desktop\Archivos le Quas\Semestre 8\Extras\Metaphorce\Skill Challenge 3 - Servidores\skillCh3-Players\apache-tomcat-9.0.91\webapps\PlayerLobbys.war] has finished in [1.119] ms
20-Jul-2024 18:02:56.162 INFO [main] org.apache.catalina.startup.HostConfig.deployDirectory Desplegando el directorio [C:\Users\migue\Desktop\Archivos le Quas\Semestre 8\Extras\Metaphorce\Skill Challenge 3 - Servidores\skillCh3-Players\apache-tomcat-9.0.91\webapps\docs] de la aplicación web
20-Jul-2024 18:02:56.775 INFO [main] org.apache.jasper.servlet.TldScanner.scanJars Al menos un JAR, que se ha explorado buscando TLDs, aún no contenía TLDs. Activar historial de depuración para este historiador para una completa lista de los JARs que fueron explorados y de los que nos se halló TLDs. Saltarse JARs no necesarios durante la exploración puede dar lugar a una mejora de tiempo significativa en el arranque y compilación de JSP .
20-Jul-2024 18:02:56.782 INFO [main] org.apache.catalina.startup.HostConfig.deployDirectory Deployment of web application directory [C:\Users\migue\Desktop\Archivos le Quas\Semestre 8\Extras\Metaphorce\Skill Challenge 3 - Servidores\skillCh3-Players\apache-tomcat-9.0.91\webapps\docs] has finished in [619] ms
20-Jul-2024 18:02:56.783 INFO [main] org.apache.catalina.startup.HostConfig.deployDirectory Desplegando el directorio [C:\Users\migue\Desktop\Archivos le Quas\Semestre 8\Extras\Metaphorce\Skill Challenge 3 - Servidores\skillCh3-Players\apache-tomcat-9.0.91\webapps\examples] de la aplicación web
20-Jul-2024 18:02:57.862 INFO [main] org.apache.jasper.servlet.TldScanner.scanJars Al menos un JAR, que se ha explorado buscando TLDs, aún no contenía TLDs. Activar historial de depuración para este historiador para una completa lista de los JARs que fueron explorados y de los que nos se halló TLDs. Saltarse JARs no necesarios durante la exploración puede dar lugar a una mejora de tiempo significativa en el arranque y compilación de JSP .
20-Jul-2024 18:02:57.964 INFO [main] org.apache.catalina.startup.HostConfig.deployDirectory Deployment of web application directory [C:\Users\migue\Desktop\Archivos le Quas\Semestre 8\Extras\Metaphorce\Skill Challenge 3 - Servidores\skillCh3-Players\apache-tomcat-9.0.91\webapps\examples] has finished in [1.181] ms
20-Jul-2024 18:02:57.964 INFO [main] org.apache.catalina.startup.HostConfig.deployDirectory Desplegando el directorio [C:\Users\migue\Desktop\Archivos le Quas\Semestre 8\Extras\Metaphorce\Skill Challenge 3 - Servidores\skillCh3-Players\apache-tomcat-9.0.91\webapps\host-manager] de la aplicación web
20-Jul-2024 18:02:58.513 INFO [main] org.apache.jasper.servlet.TldScanner.scanJars Al menos un JAR, que se ha explorado buscando TLDs, aún no contenía TLDs. Activar historial de depuración para este historiador para una completa lista de los JARs que fueron explorados y de los que nos se halló TLDs. Saltarse JARs no necesarios durante la exploración puede dar lugar a una mejora de tiempo significativa en el arranque y compilación de JSP .
20-Jul-2024 18:02:58.524 INFO [main] org.apache.catalina.startup.HostConfig.deployDirectory Deployment of web application directory [C:\Users\migue\Desktop\Archivos le Quas\Semestre 8\Extras\Metaphorce\Skill Challenge 3 - Servidores\skillCh3-Players\apache-tomcat-9.0.91\webapps\host-manager] has finished in [560] ms
20-Jul-2024 18:02:58.525 INFO [main] org.apache.catalina.startup.HostConfig.deployDirectory Desplegando el directorio [C:\Users\migue\Desktop\Archivos le Quas\Semestre 8\Extras\Metaphorce\Skill Challenge 3 - Servidores\skillCh3-Players\apache-tomcat-9.0.91\webapps\manager] de la aplicación web
20-Jul-2024 18:02:59.119 INFO [main] org.apache.jasper.servlet.TldScanner.scanJars Al menos un JAR, que se ha explorado buscando TLDs, aún no contenía TLDs. Activar historial de depuración para este historiador para una completa lista de los JARs que fueron explorados y de los que nos se halló TLDs. Saltarse JARs no necesarios durante la exploración puede dar lugar a una mejora de tiempo significativa en el arranque y compilación de JSP .
20-Jul-2024 18:02:59.125 INFO [main] org.apache.catalina.startup.HostConfig.deployDirectory Deployment of web application directory [C:\Users\migue\Desktop\Archivos le Quas\Semestre 8\Extras\Metaphorce\Skill Challenge 3 - Servidores\skillCh3-Players\apache-tomcat-9.0.91\webapps\manager] has finished in [601] ms
20-Jul-2024 18:02:59.126 INFO [main] org.apache.catalina.startup.HostConfig.deployDirectory Desplegando el directorio [C:\Users\migue\Desktop\Archivos le Quas\Semestre 8\Extras\Metaphorce\Skill Challenge 3 - Servidores\skillCh3-Players\apache-tomcat-9.0.91\webapps\ROOT] de la aplicación web
20-Jul-2024 18:02:59.683 INFO [main] org.apache.jasper.servlet.TldScanner.scanJars Al menos un JAR, que se ha explorado buscando TLDs, aún no contenía TLDs. Activar historial de depuración para este historiador para una completa lista de los JARs que fueron explorados y de los que nos se halló TLDs. Saltarse JARs no necesarios durante la exploración puede dar lugar a una mejora de tiempo significativa en el arranque y compilación de JSP .
20-Jul-2024 18:02:59.688 INFO [main] org.apache.catalina.startup.HostConfig.deployDirectory Deployment of web application directory [C:\Users\migue\Desktop\Archivos le Quas\Semestre 8\Extras\Metaphorce\Skill Challenge 3 - Servidores\skillCh3-Players\apache-tomcat-9.0.91\webapps\ROOT] has finished in [562] ms
20-Jul-2024 18:02:59.694 INFO [main] org.apache.coyote.AbstractProtocol.start Starting ProtocolHandler ["http-nio-8080"]
20-Jul-2024 18:02:59.720 INFO [main] org.apache.catalina.startup.Catalina.start Server startup in [4778] milliseconds
20-Jul-2024 18:13:04.151 INFO [Thread-1] org.apache.coyote.AbstractProtocol.pause Pausing ProtocolHandler ["http-nio-8080"]
20-Jul-2024 18:13:04.169 INFO [Thread-1] org.apache.catalina.core.StandardService.stopInternal Parando servicio [Catalina]
20-Jul-2024 18:13:04.208 INFO [Thread-1] org.apache.coyote.AbstractProtocol.stop Stopping ProtocolHandler ["http-nio-8080"]
20-Jul-2024 18:13:04.224 INFO [Thread-1] org.apache.coyote.AbstractProtocol.destroy Destroying ProtocolHandler ["http-nio-8080"]
